<?xml version="1.0" encoding="UTF-8"?>
<!-- Generated by org.testng.reporters.JUnitReportReporter -->
<testsuite hostname="BLR-L-PF2NJCC1" failures="0" tests="4" name="testCases.TC_003_LoginDDT" time="93.579" errors="0" timestamp="2023-07-10T21:51:24 IST" skipped="0">
  <testcase classname="testCases.TC_003_LoginDDT" name="test_LoginDDT" time="1.273"/>
  <testcase classname="testCases.TC_003_LoginDDT" name="test_LoginDDT" time="30.765"/>
  <testcase classname="testCases.TC_003_LoginDDT" name="test_LoginDDT" time="30.748"/>
  <testcase classname="testCases.TC_003_LoginDDT" name="test_LoginDDT" time="30.793"/>
</testsuite> <!-- testCases.TC_003_LoginDDT -->
