<?xml version="1.0" encoding="UTF-8"?>
<!-- Generated by org.testng.reporters.JUnitReportReporter -->
<testsuite hostname="BLR-L-PF2NJCC1" failures="0" tests="1" name="testCases.TC_001_AccountRegistationTest" time="31.341" errors="0" timestamp="2023-07-10T21:41:32 IST" skipped="0">
  <testcase classname="testCases.TC_001_AccountRegistationTest" name="test_account_Registration" time="31.341"/>
</testsuite> <!-- testCases.TC_001_AccountRegistationTest -->
