<?xml version="1.0" encoding="UTF-8"?>
<!-- Generated by org.testng.reporters.JUnitReportReporter -->
<testsuite hostname="BLR-L-PF2NJCC1" failures="0" tests="1" name="testCases.TC_002_LoginTest" time="1.220" errors="0" timestamp="2023-07-10T21:41:32 IST" skipped="0">
  <testcase classname="testCases.TC_002_LoginTest" name="test_login" time="1.220"/>
</testsuite> <!-- testCases.TC_002_LoginTest -->
