<?xml version="1.0" encoding="UTF-8"?>
<!-- Generated by org.testng.reporters.JUnitReportReporter -->
<testsuite skipped="0" hostname="BLR-L-PF2NJCC1" name="testCases.TC_001_AccountRegistationTest" tests="1" failures="0" timestamp="2023-07-11T20:41:00 IST" time="31.394" errors="0">
  <testcase name="test_account_Registration" time="31.394" classname="testCases.TC_001_AccountRegistationTest"/>
  <system-out/>
</testsuite> <!-- testCases.TC_001_AccountRegistationTest -->
