<?xml version="1.0" encoding="UTF-8"?>
<!-- Generated by org.testng.reporters.JUnitReportReporter -->
<testsuite skipped="0" hostname="BLR-L-PF2NJCC1" name="testCases.TC_002_LoginTest" tests="1" failures="0" timestamp="2023-07-11T20:41:00 IST" time="1.440" errors="0">
  <testcase name="test_login" time="1.440" classname="testCases.TC_002_LoginTest"/>
  <system-out/>
</testsuite> <!-- testCases.TC_002_LoginTest -->
